<?xml version="1.0" encoding="UTF-8"?>
<!-- Generated by org.testng.reporters.JUnitXMLReporter -->
<testsuite hostname="DESKTOP-2LA97SQ" failures="1" tests="3" name="Release 2022.5 Sanity Testing" time="38.859" errors="0" timestamp="24 May 2022 17:43:07 GMT">
  <testcase classname="studyproject.Ebay_Home_Sanity" name="empty_Search_test" time="6.583"/>
  <testcase classname="studyproject.Ebay_Home_Sanity" name="empty_Search_test_softassert" time="6.725">
    <failure type="java.lang.AssertionError" message="The following asserts failed:
Verify search button disabled">
      <![CDATA[java.lang.AssertionError: The following asserts failed:
Verify search button disabled
	at studyproject.Ebay_Home_Sanity.empty_Search_test_softassert(Ebay_Home_Sanity.java:96)
... Removed 25 stack frames]]>
    </failure>
  </testcase> <!-- empty_Search_test_softassert -->
  <testcase classname="studyproject.Ebay_Advanced_Search_Sanity" name="category_option_in_assending_order_test" time="0.086"/>
</testsuite> <!-- Release 2022.5 Sanity Testing -->
