<?xml version="1.0" encoding="UTF-8"?>
<testng-results total="3" passed="2" failed="1" skipped="0">
  <reporter-output>
  </reporter-output>
  <suite started-at="2022-05-21T19:42:00Z" name="Sanity Test Suite" finished-at="2022-05-21T19:42:44Z" duration-ms="44519">
    <groups>
    </groups>
    <test started-at="2022-05-21T19:42:00Z" name="Release 2022.5 Sanity Testing" finished-at="2022-05-21T19:42:44Z" duration-ms="44519">
      <class name="studyproject.Ebay_Advanced_Search_Sanity">
        <test-method is-config="true" signature="BeforeClassSetup()[pri:0, instance:studyproject.Ebay_Advanced_Search_Sanity@63070bab]" started-at="2022-05-22T01:12:31Z" name="BeforeClassSetup" finished-at="2022-05-22T01:12:31Z" duration-ms="0" status="PASS">
          <reporter-output>
          </reporter-output>
        </test-method> <!-- BeforeClassSetup -->
        <test-method is-config="true" signature="setUp()[pri:0, instance:studyproject.Ebay_Advanced_Search_Sanity@63070bab]" started-at="2022-05-22T01:12:31Z" name="setUp" finished-at="2022-05-22T01:12:37Z" duration-ms="6136" status="PASS">
          <reporter-output>
          </reporter-output>
        </test-method> <!-- setUp -->
        <test-method signature="empty_advanced_search_test()[pri:0, instance:studyproject.Ebay_Advanced_Search_Sanity@63070bab]" started-at="2022-05-22T01:12:37Z" name="empty_advanced_search_test" finished-at="2022-05-22T01:12:44Z" duration-ms="6335" status="PASS">
          <reporter-output>
          </reporter-output>
        </test-method> <!-- empty_advanced_search_test -->
        <test-method is-config="true" signature="tearDown()[pri:0, instance:studyproject.Ebay_Advanced_Search_Sanity@63070bab]" started-at="2022-05-22T01:12:44Z" name="tearDown" finished-at="2022-05-22T01:12:44Z" duration-ms="292" status="PASS">
          <reporter-output>
          </reporter-output>
        </test-method> <!-- tearDown -->
        <test-method is-config="true" signature="afterClassSetup()[pri:0, instance:studyproject.Ebay_Advanced_Search_Sanity@63070bab]" started-at="2022-05-22T01:12:44Z" name="afterClassSetup" finished-at="2022-05-22T01:12:44Z" duration-ms="1" status="PASS">
          <reporter-output>
          </reporter-output>
        </test-method> <!-- afterClassSetup -->
      </class> <!-- studyproject.Ebay_Advanced_Search_Sanity -->
      <class name="studyproject.Ebay_Home_Sanity">
        <test-method is-config="true" signature="BeforeClassSetup()[pri:0, instance:studyproject.Ebay_Home_Sanity@313b2ea6]" started-at="2022-05-22T01:12:00Z" name="BeforeClassSetup" finished-at="2022-05-22T01:12:00Z" duration-ms="30" status="PASS">
          <reporter-output>
          </reporter-output>
        </test-method> <!-- BeforeClassSetup -->
        <test-method is-config="true" signature="setUp()[pri:0, instance:studyproject.Ebay_Home_Sanity@313b2ea6]" started-at="2022-05-22T01:12:00Z" name="setUp" finished-at="2022-05-22T01:12:10Z" duration-ms="10690" status="PASS">
          <reporter-output>
          </reporter-output>
        </test-method> <!-- setUp -->
        <test-method signature="empty_Search_test()[pri:0, instance:studyproject.Ebay_Home_Sanity@313b2ea6]" started-at="2022-05-22T01:12:10Z" name="empty_Search_test" finished-at="2022-05-22T01:12:18Z" duration-ms="7558" status="PASS">
          <reporter-output>
          </reporter-output>
        </test-method> <!-- empty_Search_test -->
        <test-method is-config="true" signature="tearDown()[pri:0, instance:studyproject.Ebay_Home_Sanity@313b2ea6]" started-at="2022-05-22T01:12:18Z" name="tearDown" finished-at="2022-05-22T01:12:18Z" duration-ms="459" status="PASS">
          <reporter-output>
          </reporter-output>
        </test-method> <!-- tearDown -->
        <test-method is-config="true" signature="setUp()[pri:0, instance:studyproject.Ebay_Home_Sanity@313b2ea6]" started-at="2022-05-22T01:12:18Z" name="setUp" finished-at="2022-05-22T01:12:25Z" duration-ms="6303" status="PASS">
          <reporter-output>
          </reporter-output>
        </test-method> <!-- setUp -->
        <test-method signature="empty_Search_test_softassert()[pri:0, instance:studyproject.Ebay_Home_Sanity@313b2ea6]" started-at="2022-05-22T01:12:25Z" name="empty_Search_test_softassert" finished-at="2022-05-22T01:12:31Z" duration-ms="6296" status="FAIL">
          <exception class="java.lang.AssertionError">
            <message>
              <![CDATA[The following asserts failed:
Verify search button disabled]]>
            </message>
            <full-stacktrace>
              <![CDATA[java.lang.AssertionError: The following asserts failed:
Verify search button disabled
	at org.testng.asserts.SoftAssert.assertAll(SoftAssert.java:37)
	at studyproject.Ebay_Home_Sanity.empty_Search_test_softassert(Ebay_Home_Sanity.java:96)
	at java.base/jdk.internal.reflect.NativeMethodAccessorImpl.invoke0(Native Method)
	at java.base/jdk.internal.reflect.NativeMethodAccessorImpl.invoke(NativeMethodAccessorImpl.java:77)
	at java.base/jdk.internal.reflect.DelegatingMethodAccessorImpl.invoke(DelegatingMethodAccessorImpl.java:43)
	at java.base/java.lang.reflect.Method.invoke(Method.java:568)
	at org.testng.internal.MethodInvocationHelper.invokeMethod(MethodInvocationHelper.java:80)
	at org.testng.internal.Invoker.invokeMethod(Invoker.java:714)
	at org.testng.internal.Invoker.invokeTestMethod(Invoker.java:901)
	at org.testng.internal.Invoker.invokeTestMethods(Invoker.java:1231)
	at org.testng.internal.TestMethodWorker.invokeTestMethods(TestMethodWorker.java:127)
	at org.testng.internal.TestMethodWorker.run(TestMethodWorker.java:111)
	at org.testng.TestRunner.privateRun(TestRunner.java:767)
	at org.testng.TestRunner.run(TestRunner.java:617)
	at org.testng.SuiteRunner.runTest(SuiteRunner.java:334)
	at org.testng.SuiteRunner.runSequentially(SuiteRunner.java:329)
	at org.testng.SuiteRunner.privateRun(SuiteRunner.java:291)
	at org.testng.SuiteRunner.run(SuiteRunner.java:240)
	at org.testng.SuiteRunnerWorker.runSuite(SuiteRunnerWorker.java:52)
	at org.testng.SuiteRunnerWorker.run(SuiteRunnerWorker.java:86)
	at org.testng.TestNG.runSuitesSequentially(TestNG.java:1198)
	at org.testng.TestNG.runSuitesLocally(TestNG.java:1123)
	at org.testng.TestNG.run(TestNG.java:1031)
	at org.testng.remote.AbstractRemoteTestNG.run(AbstractRemoteTestNG.java:115)
	at org.testng.remote.RemoteTestNG.initAndRun(RemoteTestNG.java:251)
	at org.testng.remote.RemoteTestNG.main(RemoteTestNG.java:77)
]]>
            </full-stacktrace>
          </exception> <!-- java.lang.AssertionError -->
          <reporter-output>
          </reporter-output>
        </test-method> <!-- empty_Search_test_softassert -->
        <test-method is-config="true" signature="tearDown()[pri:0, instance:studyproject.Ebay_Home_Sanity@313b2ea6]" started-at="2022-05-22T01:12:31Z" name="tearDown" finished-at="2022-05-22T01:12:31Z" duration-ms="376" status="PASS">
          <reporter-output>
          </reporter-output>
        </test-method> <!-- tearDown -->
        <test-method is-config="true" signature="afterClassSetup()[pri:0, instance:studyproject.Ebay_Home_Sanity@313b2ea6]" started-at="2022-05-22T01:12:31Z" name="afterClassSetup" finished-at="2022-05-22T01:12:31Z" duration-ms="0" status="PASS">
          <reporter-output>
          </reporter-output>
        </test-method> <!-- afterClassSetup -->
      </class> <!-- studyproject.Ebay_Home_Sanity -->
    </test> <!-- Release 2022.5 Sanity Testing -->
  </suite> <!-- Sanity Test Suite -->
</testng-results>
